<?xml version="1.0" encoding="UTF-8"?>
<testsuites name="Canine_TestSuite" time="122.269" tests="3" failures="0" errors="0">
   <testsuite name="Canine_TestSuite" tests="3" failures="0" errors="0" time="122.269" timestamp="2020-05-05 12:34:59" hostname="radhakrishnang2 - NCI-02150368-L.nci.nih.gov" id="Test Suites/Canine_TestSuite">
      <properties>
         <property name="deviceName" value=""/>
         <property name="devicePlatform" value=""/>
         <property name="logFolder" value="C:\\Users\\radhakrishnang2\\Desktop\\Script\\DataCommons_Automation\\CTDC_Automation\\Reports\\20200505_123457\\Canine_TestSuite\\20200505_123457"/>
         <property name="logFiles" value="C:\\Users\\radhakrishnang2\\Desktop\\Script\\DataCommons_Automation\\CTDC_Automation\\Reports\\20200505_123457\\Canine_TestSuite\\20200505_123457\\execution0.log"/>
         <property name="attachments" value=""/>
         <property name="hostName" value="radhakrishnang2 - NCI-02150368-L.nci.nih.gov"/>
         <property name="os" value="Windows 10 64bit"/>
         <property name="katalonVersion" value="7.2.6.1"/>
         <property name="browser" value="Firefox 68.0"/>
         <property name="hostAddress" value="10.242.86.45"/>
         <property name="sessionId" value="b07d62a8-dbf9-4e2b-b55f-1e6e7652eb2b"/>
         <property name="seleniumVersion" value="3.141.59"/>
         <property name="proxyInformation" value="ProxyInformation{proxyOption=NO_PROXY, proxyServerType=HTTP, password=, proxyServerAddress=, proxyServerPort=0, executionList=}"/>
         <property name="platform" value="Windows 10"/>
      </properties>
      <testcase name="Test Cases/TC1_Canine_Filter_Study-COTB" time="38.932" classname="Test Cases/TC1_Canine_Filter_Study-COTB" status="PASSED">
         <system-out><![CDATA[2020-05-05 12:35:00 - [TEST_CASE][PASSED] - Test Cases/TC1_Canine_Filter_Study-COTB: Test Cases/TC1_Canine_Filter_Study-COTB

2020-05-05 12:35:00 - [TEST_STEP][PASSED] - openBrowser(""): Browser is opened with url: ''

2020-05-05 12:35:01 - [MESSAGE][INFO] - Starting 'Firefox (headless)' driver

2020-05-05 12:35:01 - [MESSAGE][INFO] - Action delay is set to 0 seconds

2020-05-05 12:35:06 - [MESSAGE][PASSED] - Browser is opened with url: ''

2020-05-05 12:35:06 - [TEST_STEP][PASSED] - ctdc.utilities.runtestcaseforKatalon.browserDriver(""): ctdc.utilities.runtestcaseforKatalon.browserDriver is PASSED

2020-05-05 12:35:06 - [MESSAGE][PASSED] - ctdc.utilities.runtestcaseforKatalon.browserDriver is PASSED

2020-05-05 12:35:06 - [TEST_STEP][PASSED] - ctdc.utilities.runtestcaseforKatalon.RunKatalon("TC1_Canine_Filter_Study-COTB.xlsx"): Test Case sheet data loaded for test case to run. 

2020-05-05 12:35:06 - [MESSAGE][PASSED] - Test case file loaded This is the full filepath after converting to string :C:\Users\radhakrishnang2\Desktop\Script\DataCommons_Automation\CTDC_Automation\TestData\TC1_Canine_Filter_Study-COTB.xlsx

2020-05-05 12:35:07 - [MESSAGE][INFO] - Global variable set for password file is :  C:\Users\radhakrishnang2\Desktop\Script\DataCommons_Automation\CTDC_Automation\TestData\TC1_Canine_Filter_Study-COTB.xlsx

2020-05-05 12:35:08 - [MESSAGE][PASSED] - Test Case sheet data loaded for test case to run. 

2020-05-05 12:35:12 - [TEST_STEP][PASSED] - click(findTestObject("Object Repository/Canine/Canine_Cases_Btn")): Object: 'Object Repository/Canine/Canine_Cases_Btn' is clicked on

2020-05-05 12:35:12 - [MESSAGE][PASSED] - Object: 'Object Repository/Canine/Canine_Cases_Btn' is clicked on

2020-05-05 12:35:12 - [TEST_STEP][PASSED] - click(findTestObject("Object Repository/Canine/Canine_Filter_Study")): Object: 'Object Repository/Canine/Canine_Filter_Study' is clicked on

2020-05-05 12:35:14 - [MESSAGE][PASSED] - Object: 'Object Repository/Canine/Canine_Filter_Study' is clicked on

2020-05-05 12:35:14 - [TEST_STEP][PASSED] - click(findTestObject("Object Repository/Canine/Canine_Filter_Study-COTB_Chkbx")): Object: 'Object Repository/Canine/Canine_Filter_Study-COTB_Chkbx' is clicked on

2020-05-05 12:35:14 - [MESSAGE][PASSED] - Object: 'Object Repository/Canine/Canine_Filter_Study-COTB_Chkbx' is clicked on

2020-05-05 12:35:14 - [TEST_STEP][PASSED] - ctdc.utilities.runtestcaseforKatalon.ReadCasesTableKatalon("Object Repository/Canine/Canine_CasesTable", "Object Repository/Canine/Canine_TableHeader", "Object Repository/Canine/Canine_NextBtn"): ctdc.utilities.runtestcaseforKatalon.ReadCasesTableKatalon is PASSED

2020-05-05 12:35:32 - [MESSAGE][PASSED] - ctdc.utilities.runtestcaseforKatalon.ReadCasesTableKatalon is PASSED

2020-05-05 12:35:32 - [TEST_STEP][PASSED] - ctdc.utilities.ReadExcel.Neo4j(): ctdc.utilities.ReadExcel.Neo4j is PASSED

2020-05-05 12:35:38 - [MESSAGE][PASSED] - ctdc.utilities.ReadExcel.Neo4j is PASSED

2020-05-05 12:35:38 - [TEST_STEP][PASSED] - ctdc.utilities.runtestcaseforKatalon.compareLists(): ctdc.utilities.runtestcaseforKatalon.compareLists is PASSED

2020-05-05 12:35:39 - [MESSAGE][PASSED] - ctdc.utilities.runtestcaseforKatalon.compareLists is PASSED]]></system-out>
         <system-err><![CDATA[]]></system-err>
      </testcase>
      <testcase name="Test Cases/TC2_Canine_Filter_Study-NCATS" time="32.051" classname="Test Cases/TC2_Canine_Filter_Study-NCATS" status="PASSED">
         <system-out><![CDATA[2020-05-05 12:35:39 - [TEST_CASE][PASSED] - Test Cases/TC2_Canine_Filter_Study-NCATS: Test Cases/TC2_Canine_Filter_Study-NCATS

2020-05-05 12:35:40 - [TEST_STEP][PASSED] - openBrowser(""): Browser is opened with url: ''

2020-05-05 12:35:40 - [MESSAGE][WARNING] - A browser is already opened. Closing browser and opening a new one

2020-05-05 12:35:41 - [MESSAGE][INFO] - Starting 'Firefox (headless)' driver

2020-05-05 12:35:45 - [MESSAGE][PASSED] - Browser is opened with url: ''

2020-05-05 12:35:45 - [TEST_STEP][PASSED] - ctdc.utilities.runtestcaseforKatalon.browserDriver(""): ctdc.utilities.runtestcaseforKatalon.browserDriver is PASSED

2020-05-05 12:35:45 - [MESSAGE][PASSED] - ctdc.utilities.runtestcaseforKatalon.browserDriver is PASSED

2020-05-05 12:35:45 - [TEST_STEP][PASSED] - ctdc.utilities.runtestcaseforKatalon.RunKatalon("TC2_Canine_Filter_Study-NCATS.xlsx"): Test Case sheet data loaded for test case to run. 

2020-05-05 12:35:45 - [MESSAGE][PASSED] - Test case file loaded This is the full filepath after converting to string :C:\Users\radhakrishnang2\Desktop\Script\DataCommons_Automation\CTDC_Automation\TestData\TC2_Canine_Filter_Study-NCATS.xlsx

2020-05-05 12:35:45 - [MESSAGE][INFO] - Global variable set for password file is :  C:\Users\radhakrishnang2\Desktop\Script\DataCommons_Automation\CTDC_Automation\TestData\TC2_Canine_Filter_Study-NCATS.xlsx

2020-05-05 12:35:45 - [MESSAGE][PASSED] - Test Case sheet data loaded for test case to run. 

2020-05-05 12:35:51 - [TEST_STEP][PASSED] - click(findTestObject("Object Repository/Canine/Canine_Cases_Btn")): Object: 'Object Repository/Canine/Canine_Cases_Btn' is clicked on

2020-05-05 12:35:51 - [MESSAGE][PASSED] - Object: 'Object Repository/Canine/Canine_Cases_Btn' is clicked on

2020-05-05 12:35:51 - [TEST_STEP][PASSED] - click(findTestObject("Object Repository/Canine/Canine_Filter_Study")): Object: 'Object Repository/Canine/Canine_Filter_Study' is clicked on

2020-05-05 12:35:53 - [MESSAGE][PASSED] - Object: 'Object Repository/Canine/Canine_Filter_Study' is clicked on

2020-05-05 12:35:53 - [TEST_STEP][PASSED] - click(findTestObject("Object Repository/Canine/Canine_Filter_Study-NCATS_Chkbx")): Object: 'Object Repository/Canine/Canine_Filter_Study-NCATS_Chkbx' is clicked on

2020-05-05 12:35:54 - [MESSAGE][PASSED] - Object: 'Object Repository/Canine/Canine_Filter_Study-NCATS_Chkbx' is clicked on

2020-05-05 12:35:54 - [TEST_STEP][PASSED] - ctdc.utilities.runtestcaseforKatalon.ReadCasesTableKatalon("Object Repository/Canine/Canine_CasesTable", "Object Repository/Canine/Canine_TableHeader", "Object Repository/Canine/Canine_NextBtn"): ctdc.utilities.runtestcaseforKatalon.ReadCasesTableKatalon is PASSED

2020-05-05 12:36:07 - [MESSAGE][PASSED] - ctdc.utilities.runtestcaseforKatalon.ReadCasesTableKatalon is PASSED

2020-05-05 12:36:07 - [TEST_STEP][PASSED] - ctdc.utilities.ReadExcel.Neo4j(): ctdc.utilities.ReadExcel.Neo4j is PASSED

2020-05-05 12:36:11 - [MESSAGE][PASSED] - ctdc.utilities.ReadExcel.Neo4j is PASSED

2020-05-05 12:36:11 - [TEST_STEP][PASSED] - ctdc.utilities.runtestcaseforKatalon.compareLists(): ctdc.utilities.runtestcaseforKatalon.compareLists is PASSED

2020-05-05 12:36:11 - [MESSAGE][PASSED] - ctdc.utilities.runtestcaseforKatalon.compareLists is PASSED]]></system-out>
         <system-err><![CDATA[]]></system-err>
      </testcase>
      <testcase name="Test Cases/TC3_Canine_Filter_Study-ALL" time="49.696" classname="Test Cases/TC3_Canine_Filter_Study-ALL" status="PASSED">
         <system-out><![CDATA[2020-05-05 12:36:11 - [TEST_CASE][PASSED] - Test Cases/TC3_Canine_Filter_Study-ALL: Test Cases/TC3_Canine_Filter_Study-ALL

2020-05-05 12:36:11 - [TEST_STEP][PASSED] - openBrowser(""): Browser is opened with url: ''

2020-05-05 12:36:11 - [MESSAGE][WARNING] - A browser is already opened. Closing browser and opening a new one

2020-05-05 12:36:13 - [MESSAGE][INFO] - Starting 'Firefox (headless)' driver

2020-05-05 12:36:21 - [MESSAGE][PASSED] - Browser is opened with url: ''

2020-05-05 12:36:21 - [TEST_STEP][PASSED] - ctdc.utilities.runtestcaseforKatalon.browserDriver(""): ctdc.utilities.runtestcaseforKatalon.browserDriver is PASSED

2020-05-05 12:36:21 - [MESSAGE][PASSED] - ctdc.utilities.runtestcaseforKatalon.browserDriver is PASSED

2020-05-05 12:36:21 - [TEST_STEP][PASSED] - ctdc.utilities.runtestcaseforKatalon.RunKatalon("TC3_Canine_Filter_Study-ALL.xlsx"): Test Case sheet data loaded for test case to run. 

2020-05-05 12:36:21 - [MESSAGE][PASSED] - Test case file loaded This is the full filepath after converting to string :C:\Users\radhakrishnang2\Desktop\Script\DataCommons_Automation\CTDC_Automation\TestData\TC3_Canine_Filter_Study-ALL.xlsx

2020-05-05 12:36:21 - [MESSAGE][INFO] - Global variable set for password file is :  C:\Users\radhakrishnang2\Desktop\Script\DataCommons_Automation\CTDC_Automation\TestData\TC3_Canine_Filter_Study-ALL.xlsx

2020-05-05 12:36:21 - [MESSAGE][PASSED] - Test Case sheet data loaded for test case to run. 

2020-05-05 12:36:26 - [TEST_STEP][PASSED] - click(findTestObject("Object Repository/Canine/Canine_Cases_Btn")): Object: 'Object Repository/Canine/Canine_Cases_Btn' is clicked on

2020-05-05 12:36:27 - [MESSAGE][PASSED] - Object: 'Object Repository/Canine/Canine_Cases_Btn' is clicked on

2020-05-05 12:36:27 - [TEST_STEP][PASSED] - click(findTestObject("Object Repository/Canine/Canine_Filter_Study")): Object: 'Object Repository/Canine/Canine_Filter_Study' is clicked on

2020-05-05 12:36:29 - [MESSAGE][PASSED] - Object: 'Object Repository/Canine/Canine_Filter_Study' is clicked on

2020-05-05 12:36:29 - [TEST_STEP][PASSED] - click(findTestObject("Object Repository/Canine/Canine_Filter_Study-COTB_Chkbx")): Object: 'Object Repository/Canine/Canine_Filter_Study-COTB_Chkbx' is clicked on

2020-05-05 12:36:30 - [MESSAGE][PASSED] - Object: 'Object Repository/Canine/Canine_Filter_Study-COTB_Chkbx' is clicked on

2020-05-05 12:36:30 - [TEST_STEP][PASSED] - click(findTestObject("Object Repository/Canine/Canine_Filter_Study-NCATS_Chkbx")): Object: 'Object Repository/Canine/Canine_Filter_Study-NCATS_Chkbx' is clicked on

2020-05-05 12:36:30 - [MESSAGE][PASSED] - Object: 'Object Repository/Canine/Canine_Filter_Study-NCATS_Chkbx' is clicked on

2020-05-05 12:36:30 - [TEST_STEP][PASSED] - ctdc.utilities.runtestcaseforKatalon.ReadCasesTableKatalon("Object Repository/Canine/Canine_CasesTable", "Object Repository/Canine/Canine_TableHeader", "Object Repository/Canine/Canine_NextBtn"): ctdc.utilities.runtestcaseforKatalon.ReadCasesTableKatalon is PASSED

2020-05-05 12:36:59 - [MESSAGE][PASSED] - ctdc.utilities.runtestcaseforKatalon.ReadCasesTableKatalon is PASSED

2020-05-05 12:36:59 - [TEST_STEP][PASSED] - ctdc.utilities.ReadExcel.Neo4j(): ctdc.utilities.ReadExcel.Neo4j is PASSED

2020-05-05 12:37:00 - [MESSAGE][PASSED] - ctdc.utilities.ReadExcel.Neo4j is PASSED

2020-05-05 12:37:00 - [TEST_STEP][PASSED] - ctdc.utilities.runtestcaseforKatalon.compareLists(): ctdc.utilities.runtestcaseforKatalon.compareLists is PASSED

2020-05-05 12:37:00 - [MESSAGE][PASSED] - ctdc.utilities.runtestcaseforKatalon.compareLists is PASSED]]></system-out>
         <system-err><![CDATA[]]></system-err>
      </testcase>
      <system-out><![CDATA[2020-05-05 12:34:59 - [TEST_SUITE][PASSED] - Canine_TestSuite: Test Cases/TC3_Canine_Filter_Study-ALL]]></system-out>
      <system-err><![CDATA[]]></system-err>
   </testsuite>
</testsuites>
