<?xml version="1.0" encoding="UTF-8"?>
<testsuites name="Canine_TestSuite" time="6.018" tests="1" failures="0" errors="0">
   <testsuite name="Canine_TestSuite" tests="1" failures="0" errors="0" time="6.018" timestamp="2020-05-05 12:44:10" hostname="radhakrishnang2 - NCI-02150368-L.nci.nih.gov" id="Test Suites/Canine_TestSuite">
      <properties>
         <property name="deviceName" value=""/>
         <property name="devicePlatform" value=""/>
         <property name="logFolder" value="C:\\Users\\radhakrishnang2\\Desktop\\Script\\DataCommons_Automation\\CTDC_Automation\\Reports\\20200505_124407\\Canine_TestSuite\\20200505_124407"/>
         <property name="logFiles" value="C:\\Users\\radhakrishnang2\\Desktop\\Script\\DataCommons_Automation\\CTDC_Automation\\Reports\\20200505_124407\\Canine_TestSuite\\20200505_124407\\execution0.log"/>
         <property name="attachments" value=""/>
         <property name="hostName" value="radhakrishnang2 - NCI-02150368-L.nci.nih.gov"/>
         <property name="os" value="Windows 10 64bit"/>
         <property name="katalonVersion" value="7.2.6.1"/>
         <property name="browser" value="Chrome 81.0.4044.129"/>
         <property name="hostAddress" value="10.242.86.45"/>
         <property name="sessionId" value="4744b62de7f51ade49cdc01abdd29f83"/>
         <property name="seleniumVersion" value="3.141.59"/>
         <property name="proxyInformation" value="ProxyInformation{proxyOption=NO_PROXY, proxyServerType=HTTP, password=, proxyServerAddress=, proxyServerPort=0, executionList=}"/>
         <property name="platform" value="Windows 10"/>
      </properties>
      <testcase name="Test Cases/TC1_Canine_Filter_Study-COTB" time="5.674" classname="Test Cases/TC1_Canine_Filter_Study-COTB" status="INCOMPLETE">
         <system-out><![CDATA[2020-05-05 12:44:11 - [TEST_CASE][INCOMPLETE] - Test Cases/TC1_Canine_Filter_Study-COTB: null

2020-05-05 12:44:12 - [TEST_STEP][PASSED] - openBrowser(""): Browser is opened with url: ''

2020-05-05 12:44:12 - [MESSAGE][INFO] - Starting 'Chrome (headless)' driver

2020-05-05 12:44:12 - [MESSAGE][INFO] - Action delay is set to 0 seconds

2020-05-05 12:44:15 - [MESSAGE][PASSED] - Browser is opened with url: ''

2020-05-05 12:44:15 - [TEST_STEP][PASSED] - ctdc.utilities.runtestcaseforKatalon.browserDriver(""): ctdc.utilities.runtestcaseforKatalon.browserDriver is PASSED

2020-05-05 12:44:15 - [MESSAGE][PASSED] - ctdc.utilities.runtestcaseforKatalon.browserDriver is PASSED

2020-05-05 12:44:15 - [TEST_STEP][INCOMPLETE] - ctdc.utilities.runtestcaseforKatalon.RunKatalon("TC1_Canine_Filter_Study-COTB.xlsx"): Test Case sheet data loaded for test case to run. 

2020-05-05 12:44:15 - [MESSAGE][PASSED] - Test case file loaded This is the full filepath after converting to string :C:\Users\radhakrishnang2\Desktop\Script\DataCommons_Automation\CTDC_Automation\TestData\TC1_Canine_Filter_Study-COTB.xlsx

2020-05-05 12:44:15 - [MESSAGE][INFO] - Global variable set for password file is :  C:\Users\radhakrishnang2\Desktop\Script\DataCommons_Automation\CTDC_Automation\TestData\TC1_Canine_Filter_Study-COTB.xlsx

2020-05-05 12:44:16 - [MESSAGE][PASSED] - Test Case sheet data loaded for test case to run.]]></system-out>
         <system-err><![CDATA[2020-05-05 12:44:11 - [TEST_CASE][INCOMPLETE] - Test Cases/TC1_Canine_Filter_Study-COTB: null]]></system-err>
      </testcase>
      <system-out><![CDATA[2020-05-05 12:44:10 - [TEST_SUITE][INCOMPLETE] - Canine_TestSuite: null]]></system-out>
      <system-err><![CDATA[2020-05-05 12:44:10 - [TEST_SUITE][INCOMPLETE] - Canine_TestSuite: null]]></system-err>
   </testsuite>
</testsuites>
