<?xml version="1.0" encoding="UTF-8"?>
<testsuites name="Canine_TestSuite" time="133.391" tests="3" failures="0" errors="0">
   <testsuite name="Canine_TestSuite" tests="3" failures="0" errors="0" time="133.391" timestamp="2020-05-08 08:12:21" hostname="radhakrishnang2 - NCI-02150368-L.nci.nih.gov" id="Test Suites/Canine_TestSuite">
      <properties>
         <property name="deviceName" value=""/>
         <property name="devicePlatform" value=""/>
         <property name="logFolder" value="C:\\Users\\radhakrishnang2\\Desktop\\DataCommons_Automation\\CTDC_Automation\\Reports\\20200508_081219\\Canine_TestSuite\\20200508_081219"/>
         <property name="logFiles" value="C:\\Users\\radhakrishnang2\\Desktop\\DataCommons_Automation\\CTDC_Automation\\Reports\\20200508_081219\\Canine_TestSuite\\20200508_081219\\execution0.log"/>
         <property name="attachments" value="C:\\Users\\radhakrishnang2\\Desktop\\DataCommons_Automation\\CTDC_Automation\\Reports\\20200508_081219\\Canine_TestSuite\\20200508_081219/videos\\test_1.avi, C:\\Users\\radhakrishnang2\\Desktop\\DataCommons_Automation\\CTDC_Automation\\Reports\\20200508_081219\\Canine_TestSuite\\20200508_081219/videos\\test_2.avi, C:\\Users\\radhakrishnang2\\Desktop\\DataCommons_Automation\\CTDC_Automation\\Reports\\20200508_081219\\Canine_TestSuite\\20200508_081219/videos\\test_3.avi"/>
         <property name="hostName" value="radhakrishnang2 - NCI-02150368-L.nci.nih.gov"/>
         <property name="os" value="Windows 10 64bit"/>
         <property name="katalonVersion" value="7.2.6.1"/>
         <property name="browser" value="Firefox 68.0"/>
         <property name="hostAddress" value="10.242.86.45"/>
         <property name="sessionId" value="d642a2a4-d523-4567-9a0c-cca93d67cef1"/>
         <property name="seleniumVersion" value="3.141.59"/>
         <property name="proxyInformation" value="ProxyInformation{proxyOption=NO_PROXY, proxyServerType=HTTP, password=, proxyServerAddress=, proxyServerPort=0, executionList=}"/>
         <property name="platform" value="Windows 10"/>
      </properties>
      <testcase name="Test Cases/Study_StudyType_Breed/TC01_Canine_Filter_Study-COTB" time="46.459" classname="Test Cases/Study_StudyType_Breed/TC01_Canine_Filter_Study-COTB" status="PASSED">
         <system-out><![CDATA[2020-05-08 08:12:21 - [TEST_CASE][PASSED] - Test Cases/Study_StudyType_Breed/TC01_Canine_Filter_Study-COTB: Test Cases/Study_StudyType_Breed/TC01_Canine_Filter_Study-COTB

2020-05-08 08:12:23 - [TEST_STEP][PASSED] - openBrowser(""): Browser is opened with url: ''

2020-05-08 08:12:23 - [MESSAGE][INFO] - Starting 'Firefox (headless)' driver

2020-05-08 08:12:23 - [MESSAGE][INFO] - Action delay is set to 0 seconds

2020-05-08 08:12:31 - [MESSAGE][PASSED] - Browser is opened with url: ''

2020-05-08 08:12:31 - [TEST_STEP][PASSED] - ctdc.utilities.runtestcaseforKatalon.browserDriver(""): ctdc.utilities.runtestcaseforKatalon.browserDriver is PASSED

2020-05-08 08:12:31 - [MESSAGE][PASSED] - ctdc.utilities.runtestcaseforKatalon.browserDriver is PASSED

2020-05-08 08:12:31 - [TEST_STEP][PASSED] - ctdc.utilities.runtestcaseforKatalon.RunKatalon("TC01_Canine_Filter_Study-COTB.xlsx"): Test Case sheet data loaded for test case to run. 

2020-05-08 08:12:31 - [MESSAGE][PASSED] - Test case file loaded This is the full filepath after converting to string :C:\Users\radhakrishnang2\Desktop\DataCommons_Automation\CTDC_Automation\InputFiles\TC01_Canine_Filter_Study-COTB.xlsx

2020-05-08 08:12:32 - [MESSAGE][INFO] - Global variable set for password file is :  C:\Users\radhakrishnang2\Desktop\DataCommons_Automation\CTDC_Automation\InputFiles\TC01_Canine_Filter_Study-COTB.xlsx

2020-05-08 08:12:34 - [MESSAGE][PASSED] - Test Case sheet data loaded for test case to run. 

2020-05-08 08:12:37 - [TEST_STEP][PASSED] - click(findTestObject("Object Repository/Canine/Canine_Cases_Btn")): Object: 'Object Repository/Canine/Canine_Cases_Btn' is clicked on

2020-05-08 08:12:37 - [MESSAGE][PASSED] - Object: 'Object Repository/Canine/Canine_Cases_Btn' is clicked on

2020-05-08 08:12:37 - [TEST_STEP][PASSED] - click(findTestObject("Canine/Filter/Study/Canine_Filter_Study")): Object: 'Object Repository/Canine/Filter/Study/Canine_Filter_Study' is clicked on

2020-05-08 08:12:39 - [MESSAGE][PASSED] - Object: 'Object Repository/Canine/Filter/Study/Canine_Filter_Study' is clicked on

2020-05-08 08:12:39 - [TEST_STEP][PASSED] - click(findTestObject("Canine/Filter/Study/Canine_Filter_Study-COTB_Chkbx")): Object: 'Object Repository/Canine/Filter/Study/Canine_Filter_Study-COTB_Chkbx' is clicked on

2020-05-08 08:12:40 - [MESSAGE][PASSED] - Object: 'Object Repository/Canine/Filter/Study/Canine_Filter_Study-COTB_Chkbx' is clicked on

2020-05-08 08:12:40 - [TEST_STEP][PASSED] - ctdc.utilities.runtestcaseforKatalon.ReadCasesTableKatalon("Object Repository/Canine/Canine_CasesTable", "Object Repository/Canine/Canine_TableHeader", "Object Repository/Canine/Canine_NextBtn"): ctdc.utilities.runtestcaseforKatalon.ReadCasesTableKatalon is PASSED

2020-05-08 08:13:00 - [MESSAGE][PASSED] - ctdc.utilities.runtestcaseforKatalon.ReadCasesTableKatalon is PASSED

2020-05-08 08:13:00 - [TEST_STEP][PASSED] - ctdc.utilities.ReadExcel.Neo4j(): ctdc.utilities.ReadExcel.Neo4j is PASSED

2020-05-08 08:13:05 - [MESSAGE][PASSED] - ctdc.utilities.ReadExcel.Neo4j is PASSED

2020-05-08 08:13:05 - [TEST_STEP][PASSED] - ctdc.utilities.runtestcaseforKatalon.compareLists(): ctdc.utilities.runtestcaseforKatalon.compareLists is PASSED

2020-05-08 08:13:06 - [MESSAGE][PASSED] - ctdc.utilities.runtestcaseforKatalon.compareLists is PASSED

2020-05-08 08:13:08 - [TEST_STEP][PASSED] - Video: Video recording for test case 'Test Cases/Study_StudyType_Breed/TC01_Canine_Filter_Study-COTB' .

2020-05-08 08:13:08 - [MESSAGE][INFO] - Video recording for test case 'Test Cases/Study_StudyType_Breed/TC01_Canine_Filter_Study-COTB' .
[[ATTACHMENT|C:\\Users\\radhakrishnang2\\Desktop\\DataCommons_Automation\\CTDC_Automation\\Reports\\20200508_081219\\Canine_TestSuite\\20200508_081219/videos\\test_1.avi]]]]></system-out>
         <system-err><![CDATA[]]></system-err>
      </testcase>
      <testcase name="Test Cases/Study_StudyType_Breed/TC02_Canine_Filter_Study-NCATS" time="33.056" classname="Test Cases/Study_StudyType_Breed/TC02_Canine_Filter_Study-NCATS" status="PASSED">
         <system-out><![CDATA[2020-05-08 08:13:08 - [TEST_CASE][PASSED] - Test Cases/Study_StudyType_Breed/TC02_Canine_Filter_Study-NCATS: Test Cases/Study_StudyType_Breed/TC02_Canine_Filter_Study-NCATS

2020-05-08 08:13:09 - [TEST_STEP][PASSED] - openBrowser(""): Browser is opened with url: ''

2020-05-08 08:13:09 - [MESSAGE][WARNING] - A browser is already opened. Closing browser and opening a new one

2020-05-08 08:13:10 - [MESSAGE][INFO] - Starting 'Firefox (headless)' driver

2020-05-08 08:13:14 - [MESSAGE][PASSED] - Browser is opened with url: ''

2020-05-08 08:13:14 - [TEST_STEP][PASSED] - ctdc.utilities.runtestcaseforKatalon.browserDriver(""): ctdc.utilities.runtestcaseforKatalon.browserDriver is PASSED

2020-05-08 08:13:14 - [MESSAGE][PASSED] - ctdc.utilities.runtestcaseforKatalon.browserDriver is PASSED

2020-05-08 08:13:14 - [TEST_STEP][PASSED] - ctdc.utilities.runtestcaseforKatalon.RunKatalon("TC02_Canine_Filter_Study-NCATS.xlsx"): Test Case sheet data loaded for test case to run. 

2020-05-08 08:13:14 - [MESSAGE][PASSED] - Test case file loaded This is the full filepath after converting to string :C:\Users\radhakrishnang2\Desktop\DataCommons_Automation\CTDC_Automation\InputFiles\TC02_Canine_Filter_Study-NCATS.xlsx

2020-05-08 08:13:14 - [MESSAGE][INFO] - Global variable set for password file is :  C:\Users\radhakrishnang2\Desktop\DataCommons_Automation\CTDC_Automation\InputFiles\TC02_Canine_Filter_Study-NCATS.xlsx

2020-05-08 08:13:14 - [MESSAGE][PASSED] - Test Case sheet data loaded for test case to run. 

2020-05-08 08:13:17 - [TEST_STEP][PASSED] - click(findTestObject("Object Repository/Canine/Canine_Cases_Btn")): Object: 'Object Repository/Canine/Canine_Cases_Btn' is clicked on

2020-05-08 08:13:17 - [MESSAGE][PASSED] - Object: 'Object Repository/Canine/Canine_Cases_Btn' is clicked on

2020-05-08 08:13:17 - [TEST_STEP][PASSED] - click(findTestObject("Canine/Filter/Study/Canine_Filter_Study")): Object: 'Object Repository/Canine/Filter/Study/Canine_Filter_Study' is clicked on

2020-05-08 08:13:19 - [MESSAGE][PASSED] - Object: 'Object Repository/Canine/Filter/Study/Canine_Filter_Study' is clicked on

2020-05-08 08:13:19 - [TEST_STEP][PASSED] - click(findTestObject("Canine/Filter/Study/Canine_Filter_Study-NCATS_Chkbx")): Object: 'Object Repository/Canine/Filter/Study/Canine_Filter_Study-NCATS_Chkbx' is clicked on

2020-05-08 08:13:20 - [MESSAGE][PASSED] - Object: 'Object Repository/Canine/Filter/Study/Canine_Filter_Study-NCATS_Chkbx' is clicked on

2020-05-08 08:13:20 - [TEST_STEP][PASSED] - ctdc.utilities.runtestcaseforKatalon.ReadCasesTableKatalon("Object Repository/Canine/Canine_CasesTable", "Object Repository/Canine/Canine_TableHeader", "Object Repository/Canine/Canine_NextBtn"): ctdc.utilities.runtestcaseforKatalon.ReadCasesTableKatalon is PASSED

2020-05-08 08:13:35 - [MESSAGE][PASSED] - ctdc.utilities.runtestcaseforKatalon.ReadCasesTableKatalon is PASSED

2020-05-08 08:13:35 - [TEST_STEP][PASSED] - ctdc.utilities.ReadExcel.Neo4j(): ctdc.utilities.ReadExcel.Neo4j is PASSED

2020-05-08 08:13:39 - [MESSAGE][PASSED] - ctdc.utilities.ReadExcel.Neo4j is PASSED

2020-05-08 08:13:39 - [TEST_STEP][PASSED] - ctdc.utilities.runtestcaseforKatalon.compareLists(): ctdc.utilities.runtestcaseforKatalon.compareLists is PASSED

2020-05-08 08:13:39 - [MESSAGE][PASSED] - ctdc.utilities.runtestcaseforKatalon.compareLists is PASSED

2020-05-08 08:13:41 - [TEST_STEP][PASSED] - Video: Video recording for test case 'Test Cases/Study_StudyType_Breed/TC02_Canine_Filter_Study-NCATS' .

2020-05-08 08:13:41 - [MESSAGE][INFO] - Video recording for test case 'Test Cases/Study_StudyType_Breed/TC02_Canine_Filter_Study-NCATS' .
[[ATTACHMENT|C:\\Users\\radhakrishnang2\\Desktop\\DataCommons_Automation\\CTDC_Automation\\Reports\\20200508_081219\\Canine_TestSuite\\20200508_081219/videos\\test_2.avi]]]]></system-out>
         <system-err><![CDATA[]]></system-err>
      </testcase>
      <testcase name="Test Cases/Study_StudyType_Breed/TC03_Canine_Filter_Study-ALL" time="52.66" classname="Test Cases/Study_StudyType_Breed/TC03_Canine_Filter_Study-ALL" status="PASSED">
         <system-out><![CDATA[2020-05-08 08:13:41 - [TEST_CASE][PASSED] - Test Cases/Study_StudyType_Breed/TC03_Canine_Filter_Study-ALL: Test Cases/Study_StudyType_Breed/TC03_Canine_Filter_Study-ALL

2020-05-08 08:13:41 - [TEST_STEP][PASSED] - openBrowser(""): Browser is opened with url: ''

2020-05-08 08:13:41 - [MESSAGE][WARNING] - A browser is already opened. Closing browser and opening a new one

2020-05-08 08:13:43 - [MESSAGE][INFO] - Starting 'Firefox (headless)' driver

2020-05-08 08:13:47 - [MESSAGE][PASSED] - Browser is opened with url: ''

2020-05-08 08:13:47 - [TEST_STEP][PASSED] - ctdc.utilities.runtestcaseforKatalon.browserDriver(""): ctdc.utilities.runtestcaseforKatalon.browserDriver is PASSED

2020-05-08 08:13:47 - [MESSAGE][PASSED] - ctdc.utilities.runtestcaseforKatalon.browserDriver is PASSED

2020-05-08 08:13:47 - [TEST_STEP][PASSED] - ctdc.utilities.runtestcaseforKatalon.RunKatalon("TC03_Canine_Filter_Study-ALL.xlsx"): Test Case sheet data loaded for test case to run. 

2020-05-08 08:13:47 - [MESSAGE][PASSED] - Test case file loaded This is the full filepath after converting to string :C:\Users\radhakrishnang2\Desktop\DataCommons_Automation\CTDC_Automation\InputFiles\TC03_Canine_Filter_Study-ALL.xlsx

2020-05-08 08:13:47 - [MESSAGE][INFO] - Global variable set for password file is :  C:\Users\radhakrishnang2\Desktop\DataCommons_Automation\CTDC_Automation\InputFiles\TC03_Canine_Filter_Study-ALL.xlsx

2020-05-08 08:13:47 - [MESSAGE][PASSED] - Test Case sheet data loaded for test case to run. 

2020-05-08 08:13:50 - [TEST_STEP][PASSED] - click(findTestObject("Object Repository/Canine/Canine_Cases_Btn")): Object: 'Object Repository/Canine/Canine_Cases_Btn' is clicked on

2020-05-08 08:13:50 - [MESSAGE][PASSED] - Object: 'Object Repository/Canine/Canine_Cases_Btn' is clicked on

2020-05-08 08:13:50 - [TEST_STEP][PASSED] - click(findTestObject("Canine/Filter/Study/Canine_Filter_Study")): Object: 'Object Repository/Canine/Filter/Study/Canine_Filter_Study' is clicked on

2020-05-08 08:13:52 - [MESSAGE][PASSED] - Object: 'Object Repository/Canine/Filter/Study/Canine_Filter_Study' is clicked on

2020-05-08 08:13:52 - [TEST_STEP][PASSED] - click(findTestObject("Canine/Filter/Study/Canine_Filter_Study-COTB_Chkbx")): Object: 'Object Repository/Canine/Filter/Study/Canine_Filter_Study-COTB_Chkbx' is clicked on

2020-05-08 08:13:53 - [MESSAGE][PASSED] - Object: 'Object Repository/Canine/Filter/Study/Canine_Filter_Study-COTB_Chkbx' is clicked on

2020-05-08 08:13:53 - [TEST_STEP][PASSED] - click(findTestObject("Canine/Filter/Study/Canine_Filter_Study-NCATS_Chkbx")): Object: 'Object Repository/Canine/Filter/Study/Canine_Filter_Study-NCATS_Chkbx' is clicked on

2020-05-08 08:13:53 - [MESSAGE][PASSED] - Object: 'Object Repository/Canine/Filter/Study/Canine_Filter_Study-NCATS_Chkbx' is clicked on

2020-05-08 08:13:53 - [TEST_STEP][PASSED] - ctdc.utilities.runtestcaseforKatalon.ReadCasesTableKatalon("Object Repository/Canine/Canine_CasesTable", "Object Repository/Canine/Canine_TableHeader", "Object Repository/Canine/Canine_NextBtn"): ctdc.utilities.runtestcaseforKatalon.ReadCasesTableKatalon is PASSED

2020-05-08 08:14:28 - [MESSAGE][PASSED] - ctdc.utilities.runtestcaseforKatalon.ReadCasesTableKatalon is PASSED

2020-05-08 08:14:28 - [TEST_STEP][PASSED] - ctdc.utilities.ReadExcel.Neo4j(): ctdc.utilities.ReadExcel.Neo4j is PASSED

2020-05-08 08:14:31 - [MESSAGE][PASSED] - ctdc.utilities.ReadExcel.Neo4j is PASSED

2020-05-08 08:14:31 - [TEST_STEP][PASSED] - ctdc.utilities.runtestcaseforKatalon.compareLists(): ctdc.utilities.runtestcaseforKatalon.compareLists is PASSED

2020-05-08 08:14:32 - [MESSAGE][PASSED] - ctdc.utilities.runtestcaseforKatalon.compareLists is PASSED

2020-05-08 08:14:34 - [TEST_STEP][PASSED] - Video: Video recording for test case 'Test Cases/Study_StudyType_Breed/TC03_Canine_Filter_Study-ALL' .

2020-05-08 08:14:34 - [MESSAGE][INFO] - Video recording for test case 'Test Cases/Study_StudyType_Breed/TC03_Canine_Filter_Study-ALL' .
[[ATTACHMENT|C:\\Users\\radhakrishnang2\\Desktop\\DataCommons_Automation\\CTDC_Automation\\Reports\\20200508_081219\\Canine_TestSuite\\20200508_081219/videos\\test_3.avi]]]]></system-out>
         <system-err><![CDATA[]]></system-err>
      </testcase>
      <system-out><![CDATA[2020-05-08 08:12:21 - [TEST_SUITE][PASSED] - Canine_TestSuite: Test Cases/Study_StudyType_Breed/TC03_Canine_Filter_Study-ALL]]></system-out>
      <system-err><![CDATA[]]></system-err>
   </testsuite>
</testsuites>
